<?xml version="1.0" encoding="UTF-8"?>
<testng-results ignored="0" total="1" passed="1" failed="0" skipped="0">
  <reporter-output>
  </reporter-output>
  <suite started-at="2022-09-23T17:49:02 IST" name="Default suite" finished-at="2022-09-23T17:49:02 IST" duration-ms="71">
    <groups>
    </groups>
    <test started-at="2022-09-23T17:49:02 IST" name="Default test" finished-at="2022-09-23T17:49:02 IST" duration-ms="71">
      <class name="Practice.Sample1">
        <test-method signature="step1Test()[pri:0, instance:Practice.Sample1@4dbb42b7]" started-at="2022-09-23T17:49:02 IST" name="step1Test" finished-at="2022-09-23T17:49:02 IST" duration-ms="12" status="PASS">
          <reporter-output>
          </reporter-output>
        </test-method> <!-- step1Test -->
      </class> <!-- Practice.Sample1 -->
    </test> <!-- Default test -->
  </suite> <!-- Default suite -->
</testng-results>
